<?xml version="1.0" encoding="UTF-8"?>
<testng-results ignored="0" total="15" passed="13" failed="2" skipped="0">
  <reporter-output>
  </reporter-output>
  <suite started-at="2023-07-21T02:24:59 IST" name="Suite" finished-at="2023-07-21T02:25:04 IST" duration-ms="5202">
    <groups>
    </groups>
    <test started-at="2023-07-21T02:24:59 IST" name="Test" finished-at="2023-07-21T02:25:04 IST" duration-ms="5202">
      <class name="testRest.CreatingBodyUsingExBuilder">
        <test-method signature="Print_builder()[pri:0, instance:testRest.CreatingBodyUsingExBuilder@f5ac9e4]" started-at="2023-07-21T02:25:04 IST" name="Print_builder" finished-at="2023-07-21T02:25:04 IST" duration-ms="103" status="PASS">
          <reporter-output>
          </reporter-output>
        </test-method> <!-- Print_builder -->
        <test-method signature="Print_builder1()[pri:0, instance:testRest.CreatingBodyUsingExBuilder@f5ac9e4]" started-at="2023-07-21T02:25:04 IST" name="Print_builder1" finished-at="2023-07-21T02:25:04 IST" duration-ms="62" status="PASS">
          <reporter-output>
          </reporter-output>
        </test-method> <!-- Print_builder1 -->
      </class> <!-- testRest.CreatingBodyUsingExBuilder -->
      <class name="testRest.PostUsingPojoASReqBody">
        <test-method signature="postUsingPojoAsBody()[pri:0, instance:testRest.PostUsingPojoASReqBody@59fd97a8]" started-at="2023-07-21T02:25:03 IST" name="postUsingPojoAsBody" finished-at="2023-07-21T02:25:04 IST" duration-ms="62" status="PASS">
          <reporter-output>
          </reporter-output>
        </test-method> <!-- postUsingPojoAsBody -->
        <test-method signature="postUsingPojoAsBodyUsingDefaultPojoValues()[pri:0, instance:testRest.PostUsingPojoASReqBody@59fd97a8]" started-at="2023-07-21T02:25:04 IST" name="postUsingPojoAsBodyUsingDefaultPojoValues" finished-at="2023-07-21T02:25:04 IST" duration-ms="43" status="PASS">
          <reporter-output>
          </reporter-output>
        </test-method> <!-- postUsingPojoAsBodyUsingDefaultPojoValues -->
      </class> <!-- testRest.PostUsingPojoASReqBody -->
      <class name="testRest.PostUsingLomBok">
        <test-method signature="postUsingLombokAsBodyUsingPojo()[pri:0, instance:testRest.PostUsingLomBok@498d318c]" started-at="2023-07-21T02:25:02 IST" name="postUsingLombokAsBodyUsingPojo" finished-at="2023-07-21T02:25:02 IST" duration-ms="192" status="PASS">
          <reporter-output>
          </reporter-output>
        </test-method> <!-- postUsingLombokAsBodyUsingPojo -->
        <test-method signature="postUsingLombokAsBodyUsingPojosimple()[pri:0, instance:testRest.PostUsingLomBok@498d318c]" started-at="2023-07-21T02:25:02 IST" name="postUsingLombokAsBodyUsingPojosimple" finished-at="2023-07-21T02:25:02 IST" duration-ms="70" status="PASS">
          <reporter-output>
          </reporter-output>
        </test-method> <!-- postUsingLombokAsBodyUsingPojosimple -->
        <test-method signature="postUsingLombokAsBodyUsingPojosimple1()[pri:0, instance:testRest.PostUsingLomBok@498d318c]" started-at="2023-07-21T02:25:02 IST" name="postUsingLombokAsBodyUsingPojosimple1" finished-at="2023-07-21T02:25:02 IST" duration-ms="67" status="PASS">
          <reporter-output>
          </reporter-output>
        </test-method> <!-- postUsingLombokAsBodyUsingPojosimple1 -->
      </class> <!-- testRest.PostUsingLomBok -->
      <class name="testRest.ValidationOverJson">
        <test-method signature="prnitPaths()[pri:0, instance:testRest.ValidationOverJson@795cd85e]" started-at="2023-07-21T02:25:02 IST" name="prnitPaths" finished-at="2023-07-21T02:25:03 IST" duration-ms="676" status="PASS">
          <reporter-output>
          </reporter-output>
        </test-method> <!-- prnitPaths -->
        <test-method signature="prnitPaths1()[pri:0, instance:testRest.ValidationOverJson@795cd85e]" started-at="2023-07-21T02:25:03 IST" name="prnitPaths1" finished-at="2023-07-21T02:25:03 IST" duration-ms="122" status="PASS">
          <reporter-output>
          </reporter-output>
        </test-method> <!-- prnitPaths1 -->
        <test-method signature="prnitPathsDeserialized()[pri:0, instance:testRest.ValidationOverJson@795cd85e]" started-at="2023-07-21T02:25:03 IST" name="prnitPathsDeserialized" finished-at="2023-07-21T02:25:03 IST" duration-ms="41" status="PASS">
          <reporter-output>
          </reporter-output>
        </test-method> <!-- prnitPathsDeserialized -->
        <test-method signature="storeResponse()[pri:0, instance:testRest.ValidationOverJson@795cd85e]" started-at="2023-07-21T02:25:03 IST" name="storeResponse" finished-at="2023-07-21T02:25:03 IST" duration-ms="46" status="PASS">
          <reporter-output>
          </reporter-output>
        </test-method> <!-- storeResponse -->
        <test-method signature="validateJsonSchema()[pri:0, instance:testRest.ValidationOverJson@795cd85e]" started-at="2023-07-21T02:25:03 IST" name="validateJsonSchema" finished-at="2023-07-21T02:25:03 IST" duration-ms="512" status="FAIL">
          <exception class="java.lang.AssertionError">
            <message>
              <![CDATA[1 expectation failed.
Response body doesn't match expectation.
Expected: The content to match the given JSON schema.
error: object has missing required properties (["id","name"])
    level: "error"
    schema: {"loadingURI":"#","pointer":""}
    instance: {"pointer":""}
    domain: "validation"
    keyword: "required"
    required: ["id","name"]
    missing: ["id","name"]

  Actual: {}
]]>
            </message>
            <full-stacktrace>
              <![CDATA[java.lang.AssertionError: 1 expectation failed.
Response body doesn't match expectation.
Expected: The content to match the given JSON schema.
error: object has missing required properties (["id","name"])
    level: "error"
    schema: {"loadingURI":"#","pointer":""}
    instance: {"pointer":""}
    domain: "validation"
    keyword: "required"
    required: ["id","name"]
    missing: ["id","name"]

  Actual: {}

at java.base/jdk.internal.reflect.NativeConstructorAccessorImpl.newInstance0(Native Method)
at java.base/jdk.internal.reflect.NativeConstructorAccessorImpl.newInstance(NativeConstructorAccessorImpl.java:77)
at java.base/jdk.internal.reflect.DelegatingConstructorAccessorImpl.newInstance(DelegatingConstructorAccessorImpl.java:45)
at java.base/java.lang.reflect.Constructor.newInstanceWithCaller(Constructor.java:499)
at java.base/java.lang.reflect.Constructor.newInstance(Constructor.java:480)
at org.codehaus.groovy.reflection.CachedConstructor.invoke(CachedConstructor.java:72)
at org.codehaus.groovy.runtime.callsite.ConstructorSite$ConstructorSiteNoUnwrapNoCoerce.callConstructor(ConstructorSite.java:105)
at org.codehaus.groovy.runtime.callsite.CallSiteArray.defaultCallConstructor(CallSiteArray.java:59)
at org.codehaus.groovy.runtime.callsite.AbstractCallSite.callConstructor(AbstractCallSite.java:263)
at org.codehaus.groovy.runtime.callsite.AbstractCallSite.callConstructor(AbstractCallSite.java:277)
at io.restassured.internal.ResponseSpecificationImpl$HamcrestAssertionClosure.validate(ResponseSpecificationImpl.groovy:493)
at io.restassured.internal.ResponseSpecificationImpl$HamcrestAssertionClosure$validate$1.call(Unknown Source)
at org.codehaus.groovy.runtime.callsite.CallSiteArray.defaultCall(CallSiteArray.java:47)
at org.codehaus.groovy.runtime.callsite.AbstractCallSite.call(AbstractCallSite.java:125)
at org.codehaus.groovy.runtime.callsite.AbstractCallSite.call(AbstractCallSite.java:139)
at io.restassured.internal.ResponseSpecificationImpl.validateResponseIfRequired(ResponseSpecificationImpl.groovy:674)
at java.base/jdk.internal.reflect.NativeMethodAccessorImpl.invoke0(Native Method)
at java.base/jdk.internal.reflect.NativeMethodAccessorImpl.invoke(NativeMethodAccessorImpl.java:77)
at java.base/jdk.internal.reflect.DelegatingMethodAccessorImpl.invoke(DelegatingMethodAccessorImpl.java:43)
at java.base/java.lang.reflect.Method.invoke(Method.java:568)
at org.codehaus.groovy.runtime.callsite.PlainObjectMetaMethodSite.doInvoke(PlainObjectMetaMethodSite.java:43)
at org.codehaus.groovy.runtime.callsite.PogoMetaMethodSite$PogoCachedMethodSiteNoUnwrapNoCoerce.invoke(PogoMetaMethodSite.java:193)
at org.codehaus.groovy.runtime.callsite.PogoMetaMethodSite.callCurrent(PogoMetaMethodSite.java:61)
at org.codehaus.groovy.runtime.callsite.CallSiteArray.defaultCallCurrent(CallSiteArray.java:51)
at org.codehaus.groovy.runtime.callsite.AbstractCallSite.callCurrent(AbstractCallSite.java:171)
at org.codehaus.groovy.runtime.callsite.AbstractCallSite.callCurrent(AbstractCallSite.java:185)
at io.restassured.internal.ResponseSpecificationImpl.body(ResponseSpecificationImpl.groovy:98)
at io.restassured.internal.ValidatableResponseOptionsImpl.body(ValidatableResponseOptionsImpl.java:238)
at io.restassured.internal.ValidatableResponseImpl.super$2$body(ValidatableResponseImpl.groovy)
at java.base/jdk.internal.reflect.NativeMethodAccessorImpl.invoke0(Native Method)
at java.base/jdk.internal.reflect.NativeMethodAccessorImpl.invoke(NativeMethodAccessorImpl.java:77)
at java.base/jdk.internal.reflect.DelegatingMethodAccessorImpl.invoke(DelegatingMethodAccessorImpl.java:43)
at java.base/java.lang.reflect.Method.invoke(Method.java:568)
at org.codehaus.groovy.reflection.CachedMethod.invoke(CachedMethod.java:107)
at groovy.lang.MetaMethod.doMethodInvoke(MetaMethod.java:323)
at groovy.lang.MetaClassImpl.invokeMethod(MetaClassImpl.java:1268)
at org.codehaus.groovy.runtime.ScriptBytecodeAdapter.invokeMethodOnSuperN(ScriptBytecodeAdapter.java:144)
at io.restassured.internal.ValidatableResponseImpl.body(ValidatableResponseImpl.groovy:293)
at io.restassured.internal.ValidatableResponseImpl.body(ValidatableResponseImpl.groovy)
at testRest.ValidationOverJson.validateJsonSchema(ValidationOverJson.java:49)
at java.base/jdk.internal.reflect.NativeMethodAccessorImpl.invoke0(Native Method)
at java.base/jdk.internal.reflect.NativeMethodAccessorImpl.invoke(NativeMethodAccessorImpl.java:77)
at java.base/jdk.internal.reflect.DelegatingMethodAccessorImpl.invoke(DelegatingMethodAccessorImpl.java:43)
at java.base/java.lang.reflect.Method.invoke(Method.java:568)
at org.testng.internal.MethodInvocationHelper.invokeMethod(MethodInvocationHelper.java:133)
at org.testng.internal.TestInvoker.invokeMethod(TestInvoker.java:598)
at org.testng.internal.TestInvoker.invokeTestMethod(TestInvoker.java:173)
at org.testng.internal.MethodRunner.runInSequence(MethodRunner.java:46)
at org.testng.internal.TestInvoker$MethodInvocationAgent.invoke(TestInvoker.java:824)
at org.testng.internal.TestInvoker.invokeTestMethods(TestInvoker.java:146)
at org.testng.internal.TestMethodWorker.invokeTestMethods(TestMethodWorker.java:146)
at org.testng.internal.TestMethodWorker.run(TestMethodWorker.java:128)
at java.base/java.util.ArrayList.forEach(ArrayList.java:1511)
at org.testng.TestRunner.privateRun(TestRunner.java:794)
at org.testng.TestRunner.run(TestRunner.java:596)
at org.testng.SuiteRunner.runTest(SuiteRunner.java:377)
at org.testng.SuiteRunner.runSequentially(SuiteRunner.java:371)
at org.testng.SuiteRunner.privateRun(SuiteRunner.java:332)
at org.testng.SuiteRunner.run(SuiteRunner.java:276)
at org.testng.SuiteRunnerWorker.runSuite(SuiteRunnerWorker.java:53)
at org.testng.SuiteRunnerWorker.run(SuiteRunnerWorker.java:96)
at org.testng.TestNG.runSuitesSequentially(TestNG.java:1212)
at org.testng.TestNG.runSuitesLocally(TestNG.java:1134)
at org.testng.TestNG.runSuites(TestNG.java:1063)
at org.testng.TestNG.run(TestNG.java:1031)
at org.testng.remote.AbstractRemoteTestNG.run(AbstractRemoteTestNG.java:115)
at org.testng.remote.RemoteTestNG.initAndRun(RemoteTestNG.java:251)
at org.testng.remote.RemoteTestNG.main(RemoteTestNG.java:77)
]]>
            </full-stacktrace>
          </exception> <!-- java.lang.AssertionError -->
          <reporter-output>
          </reporter-output>
        </test-method> <!-- validateJsonSchema -->
      </class> <!-- testRest.ValidationOverJson -->
      <class name="testRest.GetRequests">
        <test-method signature="getSimple()[pri:0, instance:testRest.GetRequests@1ea9f6af]" started-at="2023-07-21T02:24:59 IST" name="getSimple" finished-at="2023-07-21T02:25:02 IST" duration-ms="2996" status="FAIL">
          <exception class="java.lang.AssertionError">
            <message>
              <![CDATA[[ager verification] 
Expecting actual:
  16
to be between:
  [18, 60]
]]>
            </message>
            <full-stacktrace>
              <![CDATA[java.lang.AssertionError: [ager verification] 
Expecting actual:
  16
to be between:
  [18, 60]

at testRest.GetRequests.getSimple(GetRequests.java:28)
at java.base/jdk.internal.reflect.NativeMethodAccessorImpl.invoke0(Native Method)
at java.base/jdk.internal.reflect.NativeMethodAccessorImpl.invoke(NativeMethodAccessorImpl.java:77)
at java.base/jdk.internal.reflect.DelegatingMethodAccessorImpl.invoke(DelegatingMethodAccessorImpl.java:43)
at java.base/java.lang.reflect.Method.invoke(Method.java:568)
at org.testng.internal.MethodInvocationHelper.invokeMethod(MethodInvocationHelper.java:133)
at org.testng.internal.TestInvoker.invokeMethod(TestInvoker.java:598)
at org.testng.internal.TestInvoker.invokeTestMethod(TestInvoker.java:173)
at org.testng.internal.MethodRunner.runInSequence(MethodRunner.java:46)
at org.testng.internal.TestInvoker$MethodInvocationAgent.invoke(TestInvoker.java:824)
at org.testng.internal.TestInvoker.invokeTestMethods(TestInvoker.java:146)
at org.testng.internal.TestMethodWorker.invokeTestMethods(TestMethodWorker.java:146)
at org.testng.internal.TestMethodWorker.run(TestMethodWorker.java:128)
at java.base/java.util.ArrayList.forEach(ArrayList.java:1511)
at org.testng.TestRunner.privateRun(TestRunner.java:794)
at org.testng.TestRunner.run(TestRunner.java:596)
at org.testng.SuiteRunner.runTest(SuiteRunner.java:377)
at org.testng.SuiteRunner.runSequentially(SuiteRunner.java:371)
at org.testng.SuiteRunner.privateRun(SuiteRunner.java:332)
at org.testng.SuiteRunner.run(SuiteRunner.java:276)
at org.testng.SuiteRunnerWorker.runSuite(SuiteRunnerWorker.java:53)
at org.testng.SuiteRunnerWorker.run(SuiteRunnerWorker.java:96)
at org.testng.TestNG.runSuitesSequentially(TestNG.java:1212)
at org.testng.TestNG.runSuitesLocally(TestNG.java:1134)
at org.testng.TestNG.runSuites(TestNG.java:1063)
at org.testng.TestNG.run(TestNG.java:1031)
at org.testng.remote.AbstractRemoteTestNG.run(AbstractRemoteTestNG.java:115)
at org.testng.remote.RemoteTestNG.initAndRun(RemoteTestNG.java:251)
at org.testng.remote.RemoteTestNG.main(RemoteTestNG.java:77)
]]>
            </full-stacktrace>
          </exception> <!-- java.lang.AssertionError -->
          <reporter-output>
          </reporter-output>
        </test-method> <!-- getSimple -->
        <test-method signature="getSimplewithPath()[pri:0, instance:testRest.GetRequests@1ea9f6af]" started-at="2023-07-21T02:25:02 IST" name="getSimplewithPath" finished-at="2023-07-21T02:25:02 IST" duration-ms="44" status="PASS">
          <reporter-output>
          </reporter-output>
        </test-method> <!-- getSimplewithPath -->
        <test-method signature="getSimplewithQuery()[pri:0, instance:testRest.GetRequests@1ea9f6af]" started-at="2023-07-21T02:25:02 IST" name="getSimplewithQuery" finished-at="2023-07-21T02:25:02 IST" duration-ms="55" status="PASS">
          <reporter-output>
          </reporter-output>
        </test-method> <!-- getSimplewithQuery -->
      </class> <!-- testRest.GetRequests -->
    </test> <!-- Test -->
  </suite> <!-- Suite -->
</testng-results>
